<?xml version="1.0" encoding="UTF-8"?>
<!-- Generated by org.testng.reporters.JUnitReportReporter -->
<testsuite hostname="TG-LPTOP-0387" failures="0" tests="1" name="xyq.Selectors" time="9.853" errors="0" timestamp="2022-06-10T10:23:22 IST" skipped="0">
  <testcase classname="xyq.Selectors" name="ain" time="9.853"/>
  <system-out/>
</testsuite> <!-- xyq.Selectors -->
