<?xml version="1.0" encoding="UTF-8"?>
<!-- Generated by org.testng.reporters.JUnitReportReporter -->
<testsuite hostname="TG-LPTOP-0387" failures="0" tests="1" name="xyq.Windowhand" time="23.231" errors="0" timestamp="2022-06-10T10:23:22 IST" skipped="0">
  <testcase classname="xyq.Windowhand" name="main" time="23.231"/>
  <system-out/>
</testsuite> <!-- xyq.Windowhand -->
